# JRE version: OpenJDK Runtime Environment (21.0.9) (build 21.0.9+-14787801-b1163.94)
# Java VM: OpenJDK 64-Bit Server VM (21.0.9+-14787801-b1163.94, mixed mode, tiered, compressed oops, compressed class ptrs, g1 gc, windows-amd64)
GC Precious Log:
 CardTable entry size: 512
 Card Set container configuration: InlinePtr #cards 5 size 8 Array Of Cards #cards 12 size 40 Howl #buckets 4 coarsen threshold 1843 Howl Bitmap #cards 512 size 80 coarsen threshold 460 Card regions per heap region 1 cards per card region 2048
 CPUs: 8 total, 8 available
 Memory: 8029M
 Large Page Support: Disabled
 NUMA Support: Disabled
 Compressed Oops: Enabled (32-bit)
 Heap Region Size: 1M
 Heap Min Capacity: 8M
 Heap Initial Capacity: 126M
 Heap Max Capacity: 2G
 Pre-touch: Disabled
 Parallel Workers: 8
 Concurrent Workers: 2
 Concurrent Refinement Workers: 8
 Periodic GC: Disabled
Heap:
 garbage-first heap   total 301056K, used 110608K [0x0000000080000000, 0x0000000100000000)
  region size 1024K, 13 young (13312K), 13 survivors (13312K)
 Metaspace       used 68326K, committed 69888K, reserved 1114112K
  class space    used 9322K, committed 10048K, reserved 1048576K
GC Heap History (20 events):
Event: 33.263 GC heap after
{Heap after GC invocations=74 (full 0):
 garbage-first heap   total 207872K, used 101044K [0x0000000080000000, 0x0000000100000000)
  region size 1024K, 7 young (7168K), 7 survivors (7168K)
 Metaspace       used 68325K, committed 69888K, reserved 1114112K
  class space    used 9322K, committed 10048K, reserved 1048576K
}
Event: 33.398 GC heap before
{Heap before GC invocations=75 (full 0):
 garbage-first heap   total 207872K, used 196276K [0x0000000080000000, 0x0000000100000000)
  region size 1024K, 100 young (102400K), 7 survivors (7168K)
 Metaspace       used 68325K, committed 69888K, reserved 1114112K
  class space    used 9322K, committed 10048K, reserved 1048576K
}
Event: 33.402 GC heap after
{Heap after GC invocations=76 (full 0):
 garbage-first heap   total 207872K, used 101066K [0x0000000080000000, 0x0000000100000000)
  region size 1024K, 7 young (7168K), 7 survivors (7168K)
 Metaspace       used 68325K, committed 69888K, reserved 1114112K
  class space    used 9322K, committed 10048K, reserved 1048576K
}
Event: 33.532 GC heap before
{Heap before GC invocations=76 (full 0):
 garbage-first heap   total 207872K, used 196298K [0x0000000080000000, 0x0000000100000000)
  region size 1024K, 100 young (102400K), 7 survivors (7168K)
 Metaspace       used 68325K, committed 69888K, reserved 1114112K
  class space    used 9322K, committed 10048K, reserved 1048576K
}
Event: 33.537 GC heap after
{Heap after GC invocations=77 (full 0):
 garbage-first heap   total 301056K, used 101628K [0x0000000080000000, 0x0000000100000000)
  region size 1024K, 7 young (7168K), 7 survivors (7168K)
 Metaspace       used 68325K, committed 69888K, reserved 1114112K
  class space    used 9322K, committed 10048K, reserved 1048576K
}
Event: 34.073 GC heap before
{Heap before GC invocations=78 (full 0):
 garbage-first heap   total 301056K, used 274684K [0x0000000080000000, 0x0000000100000000)
  region size 1024K, 176 young (180224K), 7 survivors (7168K)
 Metaspace       used 68325K, committed 69888K, reserved 1114112K
  class space    used 9322K, committed 10048K, reserved 1048576K
}
Event: 34.078 GC heap after
{Heap after GC invocations=79 (full 0):
 garbage-first heap   total 301056K, used 102859K [0x0000000080000000, 0x0000000100000000)
  region size 1024K, 8 young (8192K), 8 survivors (8192K)
 Metaspace       used 68325K, committed 69888K, reserved 1114112K
  class space    used 9322K, committed 10048K, reserved 1048576K
}
Event: 34.469 GC heap before
{Heap before GC invocations=79 (full 0):
 garbage-first heap   total 301056K, used 274891K [0x0000000080000000, 0x0000000100000000)
  region size 1024K, 176 young (180224K), 8 survivors (8192K)
 Metaspace       used 68325K, committed 69888K, reserved 1114112K
  class space    used 9322K, committed 10048K, reserved 1048576K
}
Event: 34.475 GC heap after
{Heap after GC invocations=80 (full 0):
 garbage-first heap   total 301056K, used 103883K [0x0000000080000000, 0x0000000100000000)
  region size 1024K, 9 young (9216K), 9 survivors (9216K)
 Metaspace       used 68325K, committed 69888K, reserved 1114112K
  class space    used 9322K, committed 10048K, reserved 1048576K
}
Event: 34.812 GC heap before
{Heap before GC invocations=80 (full 0):
 garbage-first heap   total 301056K, used 274891K [0x0000000080000000, 0x0000000100000000)
  region size 1024K, 176 young (180224K), 9 survivors (9216K)
 Metaspace       used 68325K, committed 69888K, reserved 1114112K
  class space    used 9322K, committed 10048K, reserved 1048576K
}
Event: 34.820 GC heap after
{Heap after GC invocations=81 (full 0):
 garbage-first heap   total 301056K, used 105503K [0x0000000080000000, 0x0000000100000000)
  region size 1024K, 11 young (11264K), 11 survivors (11264K)
 Metaspace       used 68325K, committed 69888K, reserved 1114112K
  class space    used 9322K, committed 10048K, reserved 1048576K
}
Event: 35.154 GC heap before
{Heap before GC invocations=81 (full 0):
 garbage-first heap   total 301056K, used 274463K [0x0000000080000000, 0x0000000100000000)
  region size 1024K, 176 young (180224K), 11 survivors (11264K)
 Metaspace       used 68325K, committed 69888K, reserved 1114112K
  class space    used 9322K, committed 10048K, reserved 1048576K
}
Event: 35.162 GC heap after
{Heap after GC invocations=82 (full 0):
 garbage-first heap   total 301056K, used 105598K [0x0000000080000000, 0x0000000100000000)
  region size 1024K, 11 young (11264K), 11 survivors (11264K)
 Metaspace       used 68325K, committed 69888K, reserved 1114112K
  class space    used 9322K, committed 10048K, reserved 1048576K
}
Event: 35.455 GC heap before
{Heap before GC invocations=82 (full 0):
 garbage-first heap   total 301056K, used 274558K [0x0000000080000000, 0x0000000100000000)
  region size 1024K, 176 young (180224K), 11 survivors (11264K)
 Metaspace       used 68326K, committed 69888K, reserved 1114112K
  class space    used 9322K, committed 10048K, reserved 1048576K
}
Event: 35.462 GC heap after
{Heap after GC invocations=83 (full 0):
 garbage-first heap   total 301056K, used 106957K [0x0000000080000000, 0x0000000100000000)
  region size 1024K, 11 young (11264K), 11 survivors (11264K)
 Metaspace       used 68326K, committed 69888K, reserved 1114112K
  class space    used 9322K, committed 10048K, reserved 1048576K
}
Event: 35.665 GC heap before
{Heap before GC invocations=83 (full 0):
 garbage-first heap   total 301056K, used 275917K [0x0000000080000000, 0x0000000100000000)
  region size 1024K, 176 young (180224K), 11 survivors (11264K)
 Metaspace       used 68326K, committed 69888K, reserved 1114112K
  class space    used 9322K, committed 10048K, reserved 1048576K
}
Event: 35.671 GC heap after
{Heap after GC invocations=84 (full 0):
 garbage-first heap   total 301056K, used 107585K [0x0000000080000000, 0x0000000100000000)
  region size 1024K, 11 young (11264K), 11 survivors (11264K)
 Metaspace       used 68326K, committed 69888K, reserved 1114112K
  class space    used 9322K, committed 10048K, reserved 1048576K
}
Event: 35.882 GC heap before
{Heap before GC invocations=84 (full 0):
 garbage-first heap   total 301056K, used 276545K [0x0000000080000000, 0x0000000100000000)
  region size 1024K, 176 young (180224K), 11 survivors (11264K)
 Metaspace       used 68326K, committed 69888K, reserved 1114112K
  class space    used 9322K, committed 10048K, reserved 1048576K
}
Event: 35.889 GC heap after
{Heap after GC invocations=85 (full 0):
 garbage-first heap   total 301056K, used 109335K [0x0000000080000000, 0x0000000100000000)
  region size 1024K, 12 young (12288K), 12 survivors (12288K)
 Metaspace       used 68326K, committed 69888K, reserved 1114112K
  class space    used 9322K, committed 10048K, reserved 1048576K
}
Event: 36.073 GC heap before
{Heap before GC invocations=85 (full 0):
 garbage-first heap   total 301056K, used 277271K [0x0000000080000000, 0x0000000100000000)
  region size 1024K, 176 young (180224K), 12 survivors (12288K)
 Metaspace       used 68326K, committed 69888K, reserved 1114112K
  class space    used 9322K, committed 10048K, reserved 1048576K
}

